25-08-17 23:42:58 [ |  | ] -
                Starting DiscodeitApplication using Java 17.0.12 with PID 37176 (/Users/apple/Documents/codeit/4-sprint-mission/build/classes/java/main started by apple in /Users/apple/Documents/codeit/4-sprint-mission)
25-08-17 23:42:58 [ |  | ] -
                The following 1 profile is active: "dev"
25-08-17 23:42:58 [ |  | ] -
                Bootstrapping Spring Data JPA repositories in DEFAULT mode.
25-08-17 23:42:58 [ |  | ] -
                Finished Spring Data repository scanning in 26 ms. Found 6 JPA repository interfaces.
25-08-17 23:42:59 [ |  | ] -
                Tomcat initialized with port 8081 (http)
25-08-17 23:42:59 [ |  | ] -
                Starting service [Tomcat]
25-08-17 23:42:59 [ |  | ] -
                Starting Servlet engine: [Apache Tomcat/10.1.40]
25-08-17 23:42:59 [ |  | ] -
                Initializing Spring embedded WebApplicationContext
25-08-17 23:42:59 [ |  | ] -
                Root WebApplicationContext: initialization completed in 909 ms
25-08-17 23:42:59 [ |  | ] -
                HHH000204: Processing PersistenceUnitInfo [name: default]
25-08-17 23:42:59 [ |  | ] -
                HHH000412: Hibernate ORM core version 6.6.13.Final
25-08-17 23:42:59 [ |  | ] -
                HHH000026: Second-level cache disabled
25-08-17 23:42:59 [ |  | ] -
                No LoadTimeWeaver setup: ignoring JPA class transformer
25-08-17 23:42:59 [ |  | ] -
                HikariPool-1 - Starting...
25-08-17 23:42:59 [ |  | ] -
                HikariPool-1 - Added connection org.postgresql.jdbc.PgConnection@14d298d6
25-08-17 23:42:59 [ |  | ] -
                HikariPool-1 - Start completed.
25-08-17 23:42:59 [ |  | ] -
                HHH10001005: Database info:
	Database JDBC URL [Connecting through datasource 'HikariDataSource (HikariPool-1)']
	Database driver: undefined/unknown
	Database version: 14.18
	Autocommit mode: undefined/unknown
	Isolation level: undefined/unknown
	Minimum pool size: undefined/unknown
	Maximum pool size: undefined/unknown
25-08-17 23:43:00 [ |  | ] -
                HHH000489: No JTA platform available (set 'hibernate.transaction.jta.platform' to enable JTA platform integration)
25-08-17 23:43:00 [ |  | ] -
                Initialized JPA EntityManagerFactory for persistence unit 'default'
25-08-17 23:43:00 [ |  | ] -
                Hibernate is in classpath; If applicable, HQL parser will be used.
25-08-17 23:43:00 [ |  | ] -
                Adding welcome page: class path resource [static/index.html]
25-08-17 23:43:00 [ |  | ] -
                Exception encountered during context initialization - cancelling refresh attempt: org.springframework.beans.factory.BeanCreationException: Error creating bean with name 'clientHttpRequestFactoryBuilder' defined in class path resource [org/springframework/boot/autoconfigure/http/client/HttpClientAutoConfiguration.class]: Failed to instantiate [org.springframework.boot.http.client.ClientHttpRequestFactoryBuilder]: Factory method 'clientHttpRequestFactoryBuilder' threw exception with message: org/apache/hc/client5/http/ssl/TlsSocketStrategy
25-08-17 23:43:00 [ |  | ] -
                Closing JPA EntityManagerFactory for persistence unit 'default'
25-08-17 23:43:00 [ |  | ] -
                HikariPool-1 - Shutdown initiated...
25-08-17 23:43:00 [ |  | ] -
                HikariPool-1 - Shutdown completed.
25-08-17 23:43:00 [ |  | ] -
                Stopping service [Tomcat]
25-08-17 23:43:00 [ |  | ] -
                

Error starting ApplicationContext. To display the condition evaluation report re-run your application with 'debug' enabled.
25-08-17 23:43:01 [ |  | ] -
                Application run failed
org.springframework.beans.factory.BeanCreationException: Error creating bean with name 'clientHttpRequestFactoryBuilder' defined in class path resource [org/springframework/boot/autoconfigure/http/client/HttpClientAutoConfiguration.class]: Failed to instantiate [org.springframework.boot.http.client.ClientHttpRequestFactoryBuilder]: Factory method 'clientHttpRequestFactoryBuilder' threw exception with message: org/apache/hc/client5/http/ssl/TlsSocketStrategy
	at org.springframework.beans.factory.support.ConstructorResolver.instantiate(ConstructorResolver.java:657)
	at org.springframework.beans.factory.support.ConstructorResolver.instantiateUsingFactoryMethod(ConstructorResolver.java:645)
	at org.springframework.beans.factory.support.AbstractAutowireCapableBeanFactory.instantiateUsingFactoryMethod(AbstractAutowireCapableBeanFactory.java:1367)
	at org.springframework.beans.factory.support.AbstractAutowireCapableBeanFactory.createBeanInstance(AbstractAutowireCapableBeanFactory.java:1197)
	at org.springframework.beans.factory.support.AbstractAutowireCapableBeanFactory.doCreateBean(AbstractAutowireCapableBeanFactory.java:569)
	at org.springframework.beans.factory.support.AbstractAutowireCapableBeanFactory.createBean(AbstractAutowireCapableBeanFactory.java:529)
	at org.springframework.beans.factory.support.AbstractBeanFactory.lambda$doGetBean$0(AbstractBeanFactory.java:339)
	at org.springframework.beans.factory.support.DefaultSingletonBeanRegistry.getSingleton(DefaultSingletonBeanRegistry.java:371)
	at org.springframework.beans.factory.support.AbstractBeanFactory.doGetBean(AbstractBeanFactory.java:337)
	at org.springframework.beans.factory.support.AbstractBeanFactory.getBean(AbstractBeanFactory.java:202)
	at org.springframework.beans.factory.support.DefaultListableBeanFactory.instantiateSingleton(DefaultListableBeanFactory.java:1221)
	at org.springframework.beans.factory.support.DefaultListableBeanFactory.preInstantiateSingleton(DefaultListableBeanFactory.java:1187)
	at org.springframework.beans.factory.support.DefaultListableBeanFactory.preInstantiateSingletons(DefaultListableBeanFactory.java:1122)
	at org.springframework.context.support.AbstractApplicationContext.finishBeanFactoryInitialization(AbstractApplicationContext.java:987)
	at org.springframework.context.support.AbstractApplicationContext.refresh(AbstractApplicationContext.java:627)
	at org.springframework.boot.web.servlet.context.ServletWebServerApplicationContext.refresh(ServletWebServerApplicationContext.java:146)
	at org.springframework.boot.SpringApplication.refresh(SpringApplication.java:753)
	at org.springframework.boot.SpringApplication.refreshContext(SpringApplication.java:439)
	at org.springframework.boot.SpringApplication.run(SpringApplication.java:318)
	at org.springframework.boot.SpringApplication.run(SpringApplication.java:1362)
	at org.springframework.boot.SpringApplication.run(SpringApplication.java:1351)
	at com.sprint.mission.discodeit.DiscodeitApplication.main(DiscodeitApplication.java:10)
Caused by: org.springframework.beans.BeanInstantiationException: Failed to instantiate [org.springframework.boot.http.client.ClientHttpRequestFactoryBuilder]: Factory method 'clientHttpRequestFactoryBuilder' threw exception with message: org/apache/hc/client5/http/ssl/TlsSocketStrategy
	at org.springframework.beans.factory.support.SimpleInstantiationStrategy.lambda$instantiate$0(SimpleInstantiationStrategy.java:199)
	at org.springframework.beans.factory.support.SimpleInstantiationStrategy.instantiateWithFactoryMethod(SimpleInstantiationStrategy.java:88)
	at org.springframework.beans.factory.support.SimpleInstantiationStrategy.instantiate(SimpleInstantiationStrategy.java:168)
	at org.springframework.beans.factory.support.ConstructorResolver.instantiate(ConstructorResolver.java:653)
	... 21 common frames omitted
Caused by: java.lang.NoClassDefFoundError: org/apache/hc/client5/http/ssl/TlsSocketStrategy
	at org.springframework.boot.http.client.ClientHttpRequestFactoryBuilder.httpComponents(ClientHttpRequestFactoryBuilder.java:97)
	at org.springframework.boot.http.client.ClientHttpRequestFactoryBuilder.detect(ClientHttpRequestFactoryBuilder.java:200)
	at org.springframework.boot.autoconfigure.http.client.HttpClientAutoConfiguration.clientHttpRequestFactoryBuilder(HttpClientAutoConfiguration.java:53)
	at java.base/jdk.internal.reflect.NativeMethodAccessorImpl.invoke0(Native Method)
	at java.base/jdk.internal.reflect.NativeMethodAccessorImpl.invoke(NativeMethodAccessorImpl.java:77)
	at java.base/jdk.internal.reflect.DelegatingMethodAccessorImpl.invoke(DelegatingMethodAccessorImpl.java:43)
	at java.base/java.lang.reflect.Method.invoke(Method.java:568)
	at org.springframework.beans.factory.support.SimpleInstantiationStrategy.lambda$instantiate$0(SimpleInstantiationStrategy.java:171)
	... 24 common frames omitted
Caused by: java.lang.ClassNotFoundException: org.apache.hc.client5.http.ssl.TlsSocketStrategy
	at java.base/jdk.internal.loader.BuiltinClassLoader.loadClass(BuiltinClassLoader.java:641)
	at java.base/jdk.internal.loader.ClassLoaders$AppClassLoader.loadClass(ClassLoaders.java:188)
	at java.base/java.lang.ClassLoader.loadClass(ClassLoader.java:525)
	... 32 common frames omitted
25-08-17 23:44:58 [ |  | ] -
                Starting DiscodeitApplication using Java 17.0.12 with PID 37293 (/Users/apple/Documents/codeit/4-sprint-mission/build/classes/java/main started by apple in /Users/apple/Documents/codeit/4-sprint-mission)
25-08-17 23:44:58 [ |  | ] -
                The following 1 profile is active: "dev"
25-08-17 23:44:59 [ |  | ] -
                Bootstrapping Spring Data JPA repositories in DEFAULT mode.
25-08-17 23:44:59 [ |  | ] -
                Finished Spring Data repository scanning in 27 ms. Found 6 JPA repository interfaces.
25-08-17 23:44:59 [ |  | ] -
                Tomcat initialized with port 8081 (http)
25-08-17 23:44:59 [ |  | ] -
                Starting service [Tomcat]
25-08-17 23:44:59 [ |  | ] -
                Starting Servlet engine: [Apache Tomcat/10.1.40]
25-08-17 23:44:59 [ |  | ] -
                Initializing Spring embedded WebApplicationContext
25-08-17 23:44:59 [ |  | ] -
                Root WebApplicationContext: initialization completed in 782 ms
25-08-17 23:44:59 [ |  | ] -
                HHH000204: Processing PersistenceUnitInfo [name: default]
25-08-17 23:44:59 [ |  | ] -
                HHH000412: Hibernate ORM core version 6.6.13.Final
25-08-17 23:44:59 [ |  | ] -
                HHH000026: Second-level cache disabled
25-08-17 23:44:59 [ |  | ] -
                No LoadTimeWeaver setup: ignoring JPA class transformer
25-08-17 23:44:59 [ |  | ] -
                HikariPool-1 - Starting...
25-08-17 23:45:00 [ |  | ] -
                HikariPool-1 - Added connection org.postgresql.jdbc.PgConnection@535be281
25-08-17 23:45:00 [ |  | ] -
                HikariPool-1 - Start completed.
25-08-17 23:45:00 [ |  | ] -
                HHH10001005: Database info:
	Database JDBC URL [Connecting through datasource 'HikariDataSource (HikariPool-1)']
	Database driver: undefined/unknown
	Database version: 14.18
	Autocommit mode: undefined/unknown
	Isolation level: undefined/unknown
	Minimum pool size: undefined/unknown
	Maximum pool size: undefined/unknown
25-08-17 23:45:00 [ |  | ] -
                HHH000489: No JTA platform available (set 'hibernate.transaction.jta.platform' to enable JTA platform integration)
25-08-17 23:45:00 [ |  | ] -
                Initialized JPA EntityManagerFactory for persistence unit 'default'
25-08-17 23:45:01 [ |  | ] -
                Hibernate is in classpath; If applicable, HQL parser will be used.
25-08-17 23:45:01 [ |  | ] -
                Adding welcome page: class path resource [static/index.html]
25-08-17 23:45:01 [ |  | ] -
                Exposing 14 endpoints beneath base path '/actuator'
25-08-17 23:45:01 [ |  | ] -
                Tomcat started on port 8081 (http) with context path '/'
25-08-17 23:45:01 [ |  | ] -
                Started DiscodeitApplication in 3.037 seconds (process running for 8.319)
25-08-17 23:45:02 [ |  | ] -
                Application registered itself as 1fc8b4b36a3f
25-08-17 23:45:11 [ |  | ] -
                Failed to register application as Application(name=discodeit, managementUrl=http://218.38.137.28:8081/actuator, healthUrl=http://218.38.137.28:8081/actuator/health, serviceUrl=http://218.38.137.28:8081/) at spring-boot-admin ([http://localhost:9090/instances]): I/O error on POST request for "http://localhost:9090/instances": Connect to http://localhost:9090 [localhost/127.0.0.1, localhost/0:0:0:0:0:0:0:1] failed: Connection refused. Further attempts are logged on DEBUG level
org.springframework.web.client.ResourceAccessException: I/O error on POST request for "http://localhost:9090/instances": Connect to http://localhost:9090 [localhost/127.0.0.1, localhost/0:0:0:0:0:0:0:1] failed: Connection refused
	at org.springframework.web.client.DefaultRestClient$DefaultRequestBodyUriSpec.createResourceAccessException(DefaultRestClient.java:697)
	at org.springframework.web.client.DefaultRestClient$DefaultRequestBodyUriSpec.exchangeInternal(DefaultRestClient.java:582)
	at org.springframework.web.client.DefaultRestClient$DefaultRequestBodyUriSpec.exchange(DefaultRestClient.java:533)
	at org.springframework.web.client.RestClient$RequestHeadersSpec.exchange(RestClient.java:680)
	at org.springframework.web.client.DefaultRestClient$DefaultResponseSpec.executeAndExtract(DefaultRestClient.java:814)
	at org.springframework.web.client.DefaultRestClient$DefaultResponseSpec.body(DefaultRestClient.java:758)
	at de.codecentric.boot.admin.client.registration.RestClientRegistrationClient.register(RestClientRegistrationClient.java:45)
	at de.codecentric.boot.admin.client.registration.DefaultApplicationRegistrator.register(DefaultApplicationRegistrator.java:80)
	at de.codecentric.boot.admin.client.registration.DefaultApplicationRegistrator.register(DefaultApplicationRegistrator.java:61)
	at org.springframework.scheduling.support.DelegatingErrorHandlingRunnable.run(DelegatingErrorHandlingRunnable.java:54)
	at java.base/java.util.concurrent.Executors$RunnableAdapter.call(Executors.java:539)
	at java.base/java.util.concurrent.FutureTask.runAndReset(FutureTask.java:305)
	at java.base/java.util.concurrent.ScheduledThreadPoolExecutor$ScheduledFutureTask.run(ScheduledThreadPoolExecutor.java:305)
	at java.base/java.util.concurrent.ThreadPoolExecutor.runWorker(ThreadPoolExecutor.java:1136)
	at java.base/java.util.concurrent.ThreadPoolExecutor$Worker.run(ThreadPoolExecutor.java:635)
	at java.base/java.lang.Thread.run(Thread.java:842)
Caused by: org.apache.hc.client5.http.HttpHostConnectException: Connect to http://localhost:9090 [localhost/127.0.0.1, localhost/0:0:0:0:0:0:0:1] failed: Connection refused
	at java.base/sun.nio.ch.Net.pollConnect(Native Method)
	at java.base/sun.nio.ch.Net.pollConnectNow(Net.java:672)
	at java.base/sun.nio.ch.NioSocketImpl.timedFinishConnect(NioSocketImpl.java:554)
	at java.base/sun.nio.ch.NioSocketImpl.connect(NioSocketImpl.java:602)
	at java.base/java.net.SocksSocketImpl.connect(SocksSocketImpl.java:327)
	at java.base/java.net.Socket.connect(Socket.java:633)
	at org.apache.hc.client5.http.impl.io.DefaultHttpClientConnectionOperator.connect(DefaultHttpClientConnectionOperator.java:216)
	at org.apache.hc.client5.http.impl.io.PoolingHttpClientConnectionManager.connect(PoolingHttpClientConnectionManager.java:490)
	at org.apache.hc.client5.http.impl.classic.InternalExecRuntime.connectEndpoint(InternalExecRuntime.java:164)
	at org.apache.hc.client5.http.impl.classic.InternalExecRuntime.connectEndpoint(InternalExecRuntime.java:174)
	at org.apache.hc.client5.http.impl.classic.ConnectExec.execute(ConnectExec.java:144)
	at org.apache.hc.client5.http.impl.classic.ExecChainElement.execute(ExecChainElement.java:51)
	at org.apache.hc.client5.http.impl.classic.ProtocolExec.execute(ProtocolExec.java:192)
	at org.apache.hc.client5.http.impl.classic.ExecChainElement.execute(ExecChainElement.java:51)
	at org.apache.hc.client5.http.impl.classic.ContentCompressionExec.execute(ContentCompressionExec.java:150)
	at org.apache.hc.client5.http.impl.classic.ExecChainElement.execute(ExecChainElement.java:51)
	at org.apache.hc.client5.http.impl.classic.HttpRequestRetryExec.execute(HttpRequestRetryExec.java:113)
	at org.apache.hc.client5.http.impl.classic.ExecChainElement.execute(ExecChainElement.java:51)
	at org.apache.hc.client5.http.impl.classic.RedirectExec.execute(RedirectExec.java:110)
	at org.apache.hc.client5.http.impl.classic.ExecChainElement.execute(ExecChainElement.java:51)
	at org.apache.hc.client5.http.impl.classic.InternalHttpClient.doExecute(InternalHttpClient.java:183)
	at org.apache.hc.client5.http.impl.classic.CloseableHttpClient.execute(CloseableHttpClient.java:87)
	at org.apache.hc.client5.http.impl.classic.CloseableHttpClient.execute(CloseableHttpClient.java:55)
	at org.apache.hc.client5.http.classic.HttpClient.executeOpen(HttpClient.java:183)
	at org.springframework.http.client.HttpComponentsClientHttpRequest.executeInternal(HttpComponentsClientHttpRequest.java:99)
	at org.springframework.http.client.AbstractStreamingClientHttpRequest.executeInternal(AbstractStreamingClientHttpRequest.java:71)
	at org.springframework.http.client.AbstractClientHttpRequest.execute(AbstractClientHttpRequest.java:81)
	at org.springframework.web.client.DefaultRestClient$DefaultRequestBodyUriSpec.exchangeInternal(DefaultRestClient.java:576)
	... 14 common frames omitted
25-08-17 23:46:39 [ |  | ] -
                Commencing graceful shutdown. Waiting for active requests to complete
25-08-17 23:46:39 [ |  | ] -
                Graceful shutdown complete
25-08-17 23:46:39 [ |  | ] -
                Closing JPA EntityManagerFactory for persistence unit 'default'
25-08-17 23:46:39 [ |  | ] -
                HikariPool-1 - Shutdown initiated...
25-08-17 23:46:39 [ |  | ] -
                HikariPool-1 - Shutdown completed.
25-08-17 23:46:40 [ |  | ] -
                Starting DiscodeitApplication using Java 17.0.12 with PID 37374 (/Users/apple/Documents/codeit/4-sprint-mission/build/classes/java/main started by apple in /Users/apple/Documents/codeit/4-sprint-mission)
25-08-17 23:46:40 [ |  | ] -
                The following 1 profile is active: "dev"
25-08-17 23:46:41 [ |  | ] -
                Bootstrapping Spring Data JPA repositories in DEFAULT mode.
25-08-17 23:46:41 [ |  | ] -
                Finished Spring Data repository scanning in 28 ms. Found 6 JPA repository interfaces.
25-08-17 23:46:41 [ |  | ] -
                Tomcat initialized with port 8081 (http)
25-08-17 23:46:41 [ |  | ] -
                Starting service [Tomcat]
25-08-17 23:46:41 [ |  | ] -
                Starting Servlet engine: [Apache Tomcat/10.1.40]
25-08-17 23:46:41 [ |  | ] -
                Initializing Spring embedded WebApplicationContext
25-08-17 23:46:41 [ |  | ] -
                Root WebApplicationContext: initialization completed in 818 ms
25-08-17 23:46:41 [ |  | ] -
                HHH000204: Processing PersistenceUnitInfo [name: default]
25-08-17 23:46:41 [ |  | ] -
                HHH000412: Hibernate ORM core version 6.6.13.Final
25-08-17 23:46:41 [ |  | ] -
                HHH000026: Second-level cache disabled
25-08-17 23:46:42 [ |  | ] -
                No LoadTimeWeaver setup: ignoring JPA class transformer
25-08-17 23:46:42 [ |  | ] -
                HikariPool-1 - Starting...
25-08-17 23:46:42 [ |  | ] -
                HikariPool-1 - Added connection org.postgresql.jdbc.PgConnection@535be281
25-08-17 23:46:42 [ |  | ] -
                HikariPool-1 - Start completed.
25-08-17 23:46:42 [ |  | ] -
                HHH10001005: Database info:
	Database JDBC URL [Connecting through datasource 'HikariDataSource (HikariPool-1)']
	Database driver: undefined/unknown
	Database version: 14.18
	Autocommit mode: undefined/unknown
	Isolation level: undefined/unknown
	Minimum pool size: undefined/unknown
	Maximum pool size: undefined/unknown
25-08-17 23:46:42 [ |  | ] -
                HHH000489: No JTA platform available (set 'hibernate.transaction.jta.platform' to enable JTA platform integration)
25-08-17 23:46:42 [ |  | ] -
                Initialized JPA EntityManagerFactory for persistence unit 'default'
25-08-17 23:46:43 [ |  | ] -
                Hibernate is in classpath; If applicable, HQL parser will be used.
25-08-17 23:46:43 [ |  | ] -
                Adding welcome page: class path resource [static/index.html]
25-08-17 23:46:43 [ |  | ] -
                Exposing 14 endpoints beneath base path '/actuator'
25-08-17 23:46:43 [ |  | ] -
                Tomcat started on port 8081 (http) with context path '/'
25-08-17 23:46:43 [ |  | ] -
                Started DiscodeitApplication in 3.222 seconds (process running for 3.567)
25-08-17 23:46:43 [ |  | ] -
                Application registered itself as 1fc8b4b36a3f
25-08-17 23:47:41 [ |  | ] -
                Commencing graceful shutdown. Waiting for active requests to complete
25-08-17 23:47:41 [ |  | ] -
                Graceful shutdown complete
25-08-17 23:47:41 [ |  | ] -
                Closing JPA EntityManagerFactory for persistence unit 'default'
25-08-17 23:47:41 [ |  | ] -
                HikariPool-1 - Shutdown initiated...
25-08-17 23:47:41 [ |  | ] -
                HikariPool-1 - Shutdown completed.
25-08-17 23:47:45 [ |  | ] -
                Starting DiscodeitApplication using Java 17.0.12 with PID 37436 (/Users/apple/Documents/codeit/4-sprint-mission/build/classes/java/main started by apple in /Users/apple/Documents/codeit/4-sprint-mission)
25-08-17 23:47:45 [ |  | ] -
                The following 1 profile is active: "dev"
25-08-17 23:47:45 [ |  | ] -
                Bootstrapping Spring Data JPA repositories in DEFAULT mode.
25-08-17 23:47:45 [ |  | ] -
                Finished Spring Data repository scanning in 28 ms. Found 6 JPA repository interfaces.
25-08-17 23:47:46 [ |  | ] -
                Tomcat initialized with port 8081 (http)
25-08-17 23:47:46 [ |  | ] -
                Starting service [Tomcat]
25-08-17 23:47:46 [ |  | ] -
                Starting Servlet engine: [Apache Tomcat/10.1.40]
25-08-17 23:47:46 [ |  | ] -
                Initializing Spring embedded WebApplicationContext
25-08-17 23:47:46 [ |  | ] -
                Root WebApplicationContext: initialization completed in 820 ms
25-08-17 23:47:46 [ |  | ] -
                HHH000204: Processing PersistenceUnitInfo [name: default]
25-08-17 23:47:46 [ |  | ] -
                HHH000412: Hibernate ORM core version 6.6.13.Final
25-08-17 23:47:46 [ |  | ] -
                HHH000026: Second-level cache disabled
25-08-17 23:47:46 [ |  | ] -
                No LoadTimeWeaver setup: ignoring JPA class transformer
25-08-17 23:47:46 [ |  | ] -
                HikariPool-1 - Starting...
25-08-17 23:47:46 [ |  | ] -
                HikariPool-1 - Added connection org.postgresql.jdbc.PgConnection@20db19ff
25-08-17 23:47:46 [ |  | ] -
                HikariPool-1 - Start completed.
25-08-17 23:47:46 [ |  | ] -
                HHH10001005: Database info:
	Database JDBC URL [Connecting through datasource 'HikariDataSource (HikariPool-1)']
	Database driver: undefined/unknown
	Database version: 14.18
	Autocommit mode: undefined/unknown
	Isolation level: undefined/unknown
	Minimum pool size: undefined/unknown
	Maximum pool size: undefined/unknown
25-08-17 23:47:47 [ |  | ] -
                HHH000489: No JTA platform available (set 'hibernate.transaction.jta.platform' to enable JTA platform integration)
25-08-17 23:47:47 [ |  | ] -
                Initialized JPA EntityManagerFactory for persistence unit 'default'
25-08-17 23:47:47 [ |  | ] -
                Hibernate is in classpath; If applicable, HQL parser will be used.
25-08-17 23:47:47 [ |  | ] -
                Adding welcome page: class path resource [static/index.html]
25-08-17 23:47:48 [ |  | ] -
                Exposing 14 endpoints beneath base path '/actuator'
25-08-17 23:47:48 [ |  | ] -
                Tomcat started on port 8081 (http) with context path '/'
25-08-17 23:47:48 [ |  | ] -
                Started DiscodeitApplication in 3.415 seconds (process running for 3.643)
25-08-17 23:47:48 [ |  | ] -
                Commencing graceful shutdown. Waiting for active requests to complete
25-08-17 23:47:48 [ |  | ] -
                Graceful shutdown complete
25-08-17 23:47:48 [ |  | ] -
                Closing JPA EntityManagerFactory for persistence unit 'default'
25-08-17 23:47:48 [ |  | ] -
                HikariPool-1 - Shutdown initiated...
25-08-17 23:47:48 [ |  | ] -
                HikariPool-1 - Shutdown completed.
25-08-17 23:47:54 [ |  | ] -
                Starting DiscodeitApplication using Java 17.0.12 with PID 37457 (/Users/apple/Documents/codeit/4-sprint-mission/build/classes/java/main started by apple in /Users/apple/Documents/codeit/4-sprint-mission)
25-08-17 23:47:54 [ |  | ] -
                The following 1 profile is active: "dev"
25-08-17 23:47:55 [ |  | ] -
                Bootstrapping Spring Data JPA repositories in DEFAULT mode.
25-08-17 23:47:55 [ |  | ] -
                Finished Spring Data repository scanning in 27 ms. Found 6 JPA repository interfaces.
25-08-17 23:47:55 [ |  | ] -
                Tomcat initialized with port 8081 (http)
25-08-17 23:47:55 [ |  | ] -
                Starting service [Tomcat]
25-08-17 23:47:55 [ |  | ] -
                Starting Servlet engine: [Apache Tomcat/10.1.40]
25-08-17 23:47:55 [ |  | ] -
                Initializing Spring embedded WebApplicationContext
25-08-17 23:47:55 [ |  | ] -
                Root WebApplicationContext: initialization completed in 801 ms
25-08-17 23:47:55 [ |  | ] -
                HHH000204: Processing PersistenceUnitInfo [name: default]
25-08-17 23:47:55 [ |  | ] -
                HHH000412: Hibernate ORM core version 6.6.13.Final
25-08-17 23:47:55 [ |  | ] -
                HHH000026: Second-level cache disabled
25-08-17 23:47:55 [ |  | ] -
                No LoadTimeWeaver setup: ignoring JPA class transformer
25-08-17 23:47:55 [ |  | ] -
                HikariPool-1 - Starting...
25-08-17 23:47:56 [ |  | ] -
                HikariPool-1 - Added connection org.postgresql.jdbc.PgConnection@59aa1d1c
25-08-17 23:47:56 [ |  | ] -
                HikariPool-1 - Start completed.
25-08-17 23:47:56 [ |  | ] -
                HHH10001005: Database info:
	Database JDBC URL [Connecting through datasource 'HikariDataSource (HikariPool-1)']
	Database driver: undefined/unknown
	Database version: 14.18
	Autocommit mode: undefined/unknown
	Isolation level: undefined/unknown
	Minimum pool size: undefined/unknown
	Maximum pool size: undefined/unknown
25-08-17 23:47:56 [ |  | ] -
                HHH000489: No JTA platform available (set 'hibernate.transaction.jta.platform' to enable JTA platform integration)
25-08-17 23:47:56 [ |  | ] -
                Initialized JPA EntityManagerFactory for persistence unit 'default'
25-08-17 23:47:57 [ |  | ] -
                Hibernate is in classpath; If applicable, HQL parser will be used.
25-08-17 23:47:57 [ |  | ] -
                Adding welcome page: class path resource [static/index.html]
25-08-17 23:47:57 [ |  | ] -
                Exposing 14 endpoints beneath base path '/actuator'
25-08-17 23:47:57 [ |  | ] -
                Tomcat started on port 8081 (http) with context path '/'
25-08-17 23:47:57 [ |  | ] -
                Started DiscodeitApplication in 3.042 seconds (process running for 8.404)
25-08-17 23:47:57 [ |  | ] -
                Application registered itself as 1fc8b4b36a3f
25-08-17 23:51:03 [ |  | ] -
                Initializing Spring DispatcherServlet 'dispatcherServlet'
25-08-17 23:51:03 [ |  | ] -
                Initializing Servlet 'dispatcherServlet'
25-08-17 23:51:03 [ |  | ] -
                Completed initialization in 2 ms
